0 verbose cli D:\Program Files\nodejs\node.exe D:\Program Files\nodejs\node_modules\npm\bin\npm-cli.js
1 info using npm@10.7.0
2 info using node@v20.15.1
3 silly config:load:file:D:\Program Files\nodejs\node_modules\npm\npmrc
4 silly config:load:file:D:\react_test\my-react-app\.npmrc
5 silly config:load:file:C:\Users\areey\.npmrc
6 silly config:load:file:C:\Users\areey\AppData\Roaming\npm\etc\npmrc
7 verbose title npm install @testing-library/jest-dom@^5.14.1 @testing-library/react@^13.0.0 @testing-library/user-event@^13.2.1 web-vitals@^2.1.0
8 verbose argv "install" "--no-audit" "--save" "@testing-library/jest-dom@^5.14.1" "@testing-library/react@^13.0.0" "@testing-library/user-event@^13.2.1" "web-vitals@^2.1.0"
9 verbose logfile logs-max:10 dir:D:\react_test\npm-cache\_logs\2024-07-09T04_41_46_769Z-
10 verbose logfile D:\react_test\npm-cache\_logs\2024-07-09T04_41_46_769Z-debug-0.log
11 silly logfile done cleaning log files
12 silly idealTree buildDeps
13 silly fetch manifest @testing-library/jest-dom@^5.14.1
14 http fetch GET 200 https://registry.npmjs.org/@testing-library%2fjest-dom 616ms (cache miss)
15 silly fetch manifest @testing-library/react@^13.0.0
16 http fetch GET 200 https://registry.npmjs.org/@testing-library%2freact 1535ms (cache miss)
17 silly fetch manifest react@^18.3.1
18 http fetch GET 200 https://registry.npmjs.org/react 22ms (cache hit)
19 silly fetch manifest react-dom@^18.3.1
20 http fetch GET 200 https://registry.npmjs.org/react-dom 21ms (cache hit)
21 silly fetch manifest @testing-library/user-event@^13.2.1
22 http fetch GET 200 https://registry.npmjs.org/@testing-library%2fuser-event 130ms (cache miss)
23 silly fetch manifest @testing-library/dom@>=7.21.4
24 http fetch GET 200 https://registry.npmjs.org/@testing-library%2fdom 1417ms (cache miss)
25 silly fetch manifest web-vitals@^2.1.0
26 http fetch GET 200 https://registry.npmjs.org/web-vitals 121ms (cache miss)
27 silly placeDep ROOT @testing-library/jest-dom@5.17.0 OK for: my-react-app@0.1.0 want: ^5.14.1
28 silly placeDep ROOT @testing-library/react@13.4.0 OK for: my-react-app@0.1.0 want: ^13.0.0
29 silly placeDep ROOT @testing-library/user-event@13.5.0 OK for: my-react-app@0.1.0 want: ^13.2.1
30 silly placeDep ROOT @testing-library/dom@10.3.1 OK for: @testing-library/user-event@13.5.0 want: >=7.21.4
31 silly placeDep ROOT web-vitals@2.1.4 OK for: my-react-app@0.1.0 want: ^2.1.0
32 silly fetch manifest chalk@^3.0.0
33 silly fetch manifest redent@^3.0.0
34 silly fetch manifest css.escape@^1.5.1
35 silly fetch manifest @adobe/css-tools@^4.0.1
36 silly fetch manifest dom-accessibility-api@^0.5.6
37 silly fetch manifest @types/testing-library__jest-dom@^5.9.1
38 silly fetch manifest @testing-library/dom@^8.5.0
39 silly fetch manifest @types/react-dom@^18.0.0
40 http fetch GET 200 https://registry.npmjs.org/chalk 27ms (cache hit)
41 silly fetch manifest @types/aria-query@^5.0.1
42 http fetch GET 200 https://registry.npmjs.org/redent 66ms (cache miss)
43 silly fetch manifest aria-query@5.3.0
44 http fetch GET 200 https://registry.npmjs.org/aria-query 4ms (cache hit)
45 silly fetch manifest chalk@^4.1.0
46 silly fetch manifest dom-accessibility-api@^0.5.9
47 http fetch GET 200 https://registry.npmjs.org/dom-accessibility-api 62ms (cache miss)
48 silly fetch manifest lz-string@^1.5.0
49 http fetch GET 200 https://registry.npmjs.org/dom-accessibility-api 173ms (cache miss)
50 http fetch GET 200 https://registry.npmjs.org/lz-string 60ms (cache miss)
51 http fetch GET 200 https://registry.npmjs.org/@types%2freact-dom 205ms (cache miss)
52 http fetch GET 200 https://registry.npmjs.org/@types%2faria-query 194ms (cache miss)
53 http fetch GET 200 https://registry.npmjs.org/css.escape 818ms (cache miss)
54 http fetch GET 200 https://registry.npmjs.org/@adobe%2fcss-tools 1488ms (cache miss)
55 http fetch GET 200 https://registry.npmjs.org/@types%2ftesting-library__jest-dom 1490ms (cache miss)
56 silly placeDep ROOT @types/aria-query@5.0.4 OK for: @testing-library/dom@10.3.1 want: ^5.0.1
57 silly placeDep node_modules/@testing-library/dom aria-query@5.3.0 OK for: @testing-library/dom@10.3.1 want: 5.3.0
58 silly placeDep node_modules/@testing-library/dom chalk@4.1.2 OK for: @testing-library/dom@10.3.1 want: ^4.1.0
59 silly placeDep ROOT dom-accessibility-api@0.5.16 OK for: @testing-library/dom@10.3.1 want: ^0.5.9
60 silly placeDep ROOT lz-string@1.5.0 OK for: @testing-library/dom@10.3.1 want: ^1.5.0
61 silly fetch manifest dequal@^2.0.3
62 silly fetch manifest ansi-styles@^4.1.0
63 silly fetch manifest supports-color@^7.1.0
64 http fetch GET 200 https://registry.npmjs.org/ansi-styles 7ms (cache hit)
65 http fetch GET 200 https://registry.npmjs.org/supports-color 7ms (cache hit)
66 http fetch GET 200 https://registry.npmjs.org/dequal 72ms (cache miss)
67 silly placeDep ROOT @adobe/css-tools@4.4.0 OK for: @testing-library/jest-dom@5.17.0 want: ^4.0.1
68 silly placeDep ROOT @types/testing-library__jest-dom@5.14.9 OK for: @testing-library/jest-dom@5.17.0 want: ^5.9.1
69 silly placeDep node_modules/@testing-library/jest-dom chalk@3.0.0 OK for: @testing-library/jest-dom@5.17.0 want: ^3.0.0
70 silly placeDep ROOT css.escape@1.5.1 OK for: @testing-library/jest-dom@5.17.0 want: ^1.5.1
71 silly placeDep ROOT redent@3.0.0 OK for: @testing-library/jest-dom@5.17.0 want: ^3.0.0
72 silly fetch manifest @types/jest@*
73 silly fetch manifest indent-string@^4.0.0
74 silly fetch manifest strip-indent@^3.0.0
75 http fetch GET 200 https://registry.npmjs.org/strip-indent 68ms (cache miss)
76 http fetch GET 200 https://registry.npmjs.org/indent-string 73ms (cache miss)
77 http fetch GET 200 https://registry.npmjs.org/@types%2fjest 83ms (cache miss)
78 silly placeDep node_modules/@testing-library/react @testing-library/dom@8.20.1 OK for: @testing-library/react@13.4.0 want: ^8.5.0
79 silly placeDep ROOT @types/react-dom@18.3.0 OK for: @testing-library/react@13.4.0 want: ^18.0.0
80 silly fetch manifest @types/react@*
81 http fetch GET 200 https://registry.npmjs.org/@types%2freact 168ms (cache miss)
82 silly placeDep ROOT @types/react@18.3.3 OK for: @types/react-dom@18.3.0 want: *
83 silly fetch manifest csstype@^3.0.2
84 silly fetch manifest @types/prop-types@*
85 http fetch GET 200 https://registry.npmjs.org/csstype 74ms (cache miss)
86 http fetch GET 200 https://registry.npmjs.org/@types%2fprop-types 79ms (cache miss)
87 silly placeDep ROOT @types/prop-types@15.7.12 OK for: @types/react@18.3.3 want: *
88 silly placeDep ROOT csstype@3.1.3 OK for: @types/react@18.3.3 want: ^3.0.2
89 silly placeDep ROOT @types/jest@29.5.12 OK for: @types/testing-library__jest-dom@5.14.9 want: *
90 silly fetch manifest expect@^29.0.0
91 silly fetch manifest pretty-format@^29.0.0
92 http fetch GET 200 https://registry.npmjs.org/pretty-format 9ms (cache hit)
93 http fetch GET 200 https://registry.npmjs.org/expect 21ms (cache hit)
94 silly placeDep node_modules/@types/jest expect@29.7.0 OK for: @types/jest@29.5.12 want: ^29.0.0
95 silly placeDep node_modules/@types/jest pretty-format@29.7.0 OK for: @types/jest@29.5.12 want: ^29.0.0
96 silly fetch manifest jest-util@^29.7.0
97 silly fetch manifest jest-get-type@^29.6.3
98 silly fetch manifest jest-message-util@^29.7.0
99 silly fetch manifest @jest/expect-utils@^29.7.0
100 silly fetch manifest jest-matcher-utils@^29.7.0
101 silly fetch manifest react-is@^18.0.0
102 silly fetch manifest ansi-styles@^5.0.0
103 silly fetch manifest @jest/schemas@^29.6.3
104 http fetch GET 200 https://registry.npmjs.org/jest-message-util 28ms (cache hit)
105 http fetch GET 200 https://registry.npmjs.org/jest-util 35ms (cache hit)
106 http fetch GET 200 https://registry.npmjs.org/jest-get-type 39ms (cache hit)
107 http fetch GET 200 https://registry.npmjs.org/react-is 46ms (cache hit)
108 http fetch GET 200 https://registry.npmjs.org/@jest%2fschemas 82ms (cache hit)
109 http fetch GET 200 https://registry.npmjs.org/jest-matcher-utils 99ms (cache hit)
110 http fetch GET 200 https://registry.npmjs.org/@jest%2fexpect-utils 113ms (cache miss)
111 silly fetch manifest typescript@^3.2.1 || ^4
112 http fetch GET 200 https://registry.npmjs.org/typescript 58ms (cache hit)
113 silly placeDep ROOT typescript@4.9.5 REPLACE for: react-scripts@5.0.1 want: ^3.2.1 || ^4
114 silly placeDep ROOT indent-string@4.0.0 OK for: redent@3.0.0 want: ^4.0.0
115 silly placeDep ROOT strip-indent@3.0.0 OK for: redent@3.0.0 want: ^3.0.0
116 silly fetch manifest min-indent@^1.0.0
117 http fetch GET 200 https://registry.npmjs.org/min-indent 59ms (cache miss)
118 silly placeDep ROOT min-indent@1.0.1 OK for: strip-indent@3.0.0 want: ^1.0.0
119 silly placeDep ROOT dequal@2.0.3 OK for: aria-query@5.3.0 want: ^2.0.3
120 silly placeDep node_modules/@testing-library/dom ansi-styles@4.3.0 OK for: chalk@4.1.2 want: ^4.1.0
121 silly placeDep node_modules/@testing-library/dom supports-color@7.2.0 OK for: chalk@4.1.2 want: ^7.1.0
122 silly fetch manifest color-convert@^2.0.1
123 silly fetch manifest has-flag@^4.0.0
124 http fetch GET 200 https://registry.npmjs.org/color-convert 7ms (cache hit)
125 http fetch GET 200 https://registry.npmjs.org/has-flag 7ms (cache hit)
126 silly placeDep node_modules/@testing-library/dom color-convert@2.0.1 OK for: ansi-styles@4.3.0 want: ^2.0.1
127 silly fetch manifest color-name@~1.1.4
128 http fetch GET 200 https://registry.npmjs.org/color-name 5ms (cache hit)
129 silly placeDep node_modules/@testing-library/dom color-name@1.1.4 OK for: color-convert@2.0.1 want: ~1.1.4
130 silly placeDep node_modules/@testing-library/dom has-flag@4.0.0 OK for: supports-color@7.2.0 want: ^4.0.0
131 silly placeDep node_modules/@testing-library/jest-dom ansi-styles@4.3.0 OK for: chalk@3.0.0 want: ^4.1.0
132 silly placeDep node_modules/@testing-library/jest-dom supports-color@7.2.0 OK for: chalk@3.0.0 want: ^7.1.0
133 silly placeDep node_modules/@testing-library/jest-dom color-convert@2.0.1 OK for: ansi-styles@4.3.0 want: ^2.0.1
134 silly placeDep node_modules/@testing-library/jest-dom color-name@1.1.4 OK for: color-convert@2.0.1 want: ~1.1.4
135 silly placeDep node_modules/@testing-library/jest-dom has-flag@4.0.0 OK for: supports-color@7.2.0 want: ^4.0.0
136 silly placeDep node_modules/@testing-library/react chalk@4.1.2 OK for: @testing-library/dom@8.20.1 want: ^4.1.0
137 silly placeDep node_modules/@testing-library/react ansi-styles@4.3.0 OK for: chalk@4.1.2 want: ^4.1.0
138 silly placeDep node_modules/@testing-library/react supports-color@7.2.0 OK for: chalk@4.1.2 want: ^7.1.0
139 silly placeDep node_modules/@testing-library/react color-convert@2.0.1 OK for: ansi-styles@4.3.0 want: ^2.0.1
140 silly placeDep node_modules/@testing-library/react color-name@1.1.4 OK for: color-convert@2.0.1 want: ~1.1.4
141 silly placeDep node_modules/@testing-library/react has-flag@4.0.0 OK for: supports-color@7.2.0 want: ^4.0.0
142 silly placeDep ROOT @jest/expect-utils@29.7.0 OK for: expect@29.7.0 want: ^29.7.0
143 silly placeDep node_modules/@types/jest jest-get-type@29.6.3 OK for: expect@29.7.0 want: ^29.6.3
144 silly placeDep node_modules/@types/jest jest-matcher-utils@29.7.0 OK for: expect@29.7.0 want: ^29.7.0
145 silly placeDep node_modules/@types/jest jest-message-util@29.7.0 OK for: expect@29.7.0 want: ^29.7.0
146 silly placeDep node_modules/@types/jest jest-util@29.7.0 OK for: expect@29.7.0 want: ^29.7.0
147 silly fetch manifest chalk@^4.0.0
148 silly fetch manifest jest-diff@^29.7.0
149 silly fetch manifest @jest/types@^29.6.3
150 http fetch GET 200 https://registry.npmjs.org/@jest%2ftypes 8ms (cache hit)
151 http fetch GET 200 https://registry.npmjs.org/jest-diff 13ms (cache hit)
152 silly placeDep node_modules/@jest/expect-utils jest-get-type@29.6.3 OK for: @jest/expect-utils@29.7.0 want: ^29.6.3
153 silly placeDep node_modules/@types/jest chalk@4.1.2 OK for: jest-matcher-utils@29.7.0 want: ^4.0.0
154 silly placeDep node_modules/@types/jest jest-diff@29.7.0 OK for: jest-matcher-utils@29.7.0 want: ^29.7.0
155 silly fetch manifest diff-sequences@^29.6.3
156 http fetch GET 200 https://registry.npmjs.org/diff-sequences 9ms (cache hit)
157 silly placeDep node_modules/@types/jest ansi-styles@4.3.0 OK for: chalk@4.1.2 want: ^4.1.0
158 silly placeDep node_modules/@types/jest supports-color@7.2.0 OK for: chalk@4.1.2 want: ^7.1.0
159 silly placeDep node_modules/@types/jest color-convert@2.0.1 OK for: ansi-styles@4.3.0 want: ^2.0.1
160 silly placeDep node_modules/@types/jest color-name@1.1.4 OK for: color-convert@2.0.1 want: ~1.1.4
161 silly placeDep node_modules/@types/jest diff-sequences@29.6.3 OK for: jest-diff@29.7.0 want: ^29.6.3
162 silly placeDep node_modules/@types/jest @jest/types@29.6.3 OK for: jest-message-util@29.7.0 want: ^29.6.3
163 silly fetch manifest @types/yargs@^17.0.8
164 http fetch GET 200 https://registry.npmjs.org/@types%2fyargs 7ms (cache hit)
165 silly placeDep node_modules/@types/jest @jest/schemas@29.6.3 OK for: @jest/types@29.6.3 want: ^29.6.3
166 silly placeDep node_modules/@types/jest @types/yargs@17.0.32 OK for: @jest/types@29.6.3 want: ^17.0.8
167 silly fetch manifest @sinclair/typebox@^0.27.8
168 http fetch GET 200 https://registry.npmjs.org/@sinclair%2ftypebox 12ms (cache hit)
169 silly placeDep node_modules/@types/jest @sinclair/typebox@0.27.8 OK for: @jest/schemas@29.6.3 want: ^0.27.8
170 silly placeDep node_modules/@types/jest/node_modules/pretty-format ansi-styles@5.2.0 OK for: pretty-format@29.7.0 want: ^5.0.0
171 silly placeDep node_modules/@types/jest react-is@18.3.1 OK for: pretty-format@29.7.0 want: ^18.0.0
172 silly placeDep node_modules/@types/jest has-flag@4.0.0 OK for: supports-color@7.2.0 want: ^4.0.0
173 silly reify mark retired [
173 silly reify   'D:\\react_test\\my-react-app\\node_modules\\typescript',
173 silly reify   'D:\\react_test\\my-react-app\\node_modules\\.bin\\tsc',
173 silly reify   'D:\\react_test\\my-react-app\\node_modules\\.bin\\tsc.cmd',
173 silly reify   'D:\\react_test\\my-react-app\\node_modules\\.bin\\tsc.ps1',
173 silly reify   'D:\\react_test\\my-react-app\\node_modules\\.bin\\tsserver',
173 silly reify   'D:\\react_test\\my-react-app\\node_modules\\.bin\\tsserver.cmd',
173 silly reify   'D:\\react_test\\my-react-app\\node_modules\\.bin\\tsserver.ps1'
173 silly reify ]
174 silly reify moves {
174 silly reify   'D:\\react_test\\my-react-app\\node_modules\\typescript': 'D:\\react_test\\my-react-app\\node_modules\\.typescript-MlddmjKG',
174 silly reify   'D:\\react_test\\my-react-app\\node_modules\\.bin\\tsc': 'D:\\react_test\\my-react-app\\node_modules\\.bin\\.tsc-jIc4CFKo',
174 silly reify   'D:\\react_test\\my-react-app\\node_modules\\.bin\\tsc.cmd': 'D:\\react_test\\my-react-app\\node_modules\\.bin\\.tsc.cmd-QO4NbBCT',
174 silly reify   'D:\\react_test\\my-react-app\\node_modules\\.bin\\tsc.ps1': 'D:\\react_test\\my-react-app\\node_modules\\.bin\\.tsc.ps1-D6nxpACa',
174 silly reify   'D:\\react_test\\my-react-app\\node_modules\\.bin\\tsserver': 'D:\\react_test\\my-react-app\\node_modules\\.bin\\.tsserver-StPsnRPJ',
174 silly reify   'D:\\react_test\\my-react-app\\node_modules\\.bin\\tsserver.cmd': 'D:\\react_test\\my-react-app\\node_modules\\.bin\\.tsserver.cmd-yzmpzUxD',
174 silly reify   'D:\\react_test\\my-react-app\\node_modules\\.bin\\tsserver.ps1': 'D:\\react_test\\my-react-app\\node_modules\\.bin\\.tsserver.ps1-xwrEU2zQ'
174 silly reify }
175 verbose reify failed optional dependency D:\react_test\my-react-app\node_modules\fsevents
176 silly reify mark deleted [ 'D:\\react_test\\my-react-app\\node_modules\\fsevents' ]
177 silly tarball no local data for dequal@https://registry.npmjs.org/dequal/-/dequal-2.0.3.tgz. Extracting by manifest.
178 silly tarball no local data for @jest/expect-utils@https://registry.npmjs.org/@jest/expect-utils/-/expect-utils-29.7.0.tgz. Extracting by manifest.
179 silly tarball no local data for min-indent@https://registry.npmjs.org/min-indent/-/min-indent-1.0.1.tgz. Extracting by manifest.
180 silly tarball no local data for strip-indent@https://registry.npmjs.org/strip-indent/-/strip-indent-3.0.0.tgz. Extracting by manifest.
181 silly tarball no local data for indent-string@https://registry.npmjs.org/indent-string/-/indent-string-4.0.0.tgz. Extracting by manifest.
182 silly tarball no local data for @types/jest@https://registry.npmjs.org/@types/jest/-/jest-29.5.12.tgz. Extracting by manifest.
183 silly tarball no local data for csstype@https://registry.npmjs.org/csstype/-/csstype-3.1.3.tgz. Extracting by manifest.
184 silly tarball no local data for @types/react@https://registry.npmjs.org/@types/react/-/react-18.3.3.tgz. Extracting by manifest.
185 silly tarball no local data for @types/prop-types@https://registry.npmjs.org/@types/prop-types/-/prop-types-15.7.12.tgz. Extracting by manifest.
186 silly tarball no local data for css.escape@https://registry.npmjs.org/css.escape/-/css.escape-1.5.1.tgz. Extracting by manifest.
187 silly tarball no local data for @types/react-dom@https://registry.npmjs.org/@types/react-dom/-/react-dom-18.3.0.tgz. Extracting by manifest.
188 silly tarball no local data for redent@https://registry.npmjs.org/redent/-/redent-3.0.0.tgz. Extracting by manifest.
189 silly tarball no local data for @adobe/css-tools@https://registry.npmjs.org/@adobe/css-tools/-/css-tools-4.4.0.tgz. Extracting by manifest.
190 silly tarball no local data for @types/testing-library__jest-dom@https://registry.npmjs.org/@types/testing-library__jest-dom/-/testing-library__jest-dom-5.14.9.tgz. Extracting by manifest.
191 silly tarball no local data for @types/aria-query@https://registry.npmjs.org/@types/aria-query/-/aria-query-5.0.4.tgz. Extracting by manifest.
192 silly tarball no local data for dom-accessibility-api@https://registry.npmjs.org/dom-accessibility-api/-/dom-accessibility-api-0.5.16.tgz. Extracting by manifest.
193 silly tarball no local data for lz-string@https://registry.npmjs.org/lz-string/-/lz-string-1.5.0.tgz. Extracting by manifest.
194 silly tarball no local data for web-vitals@https://registry.npmjs.org/web-vitals/-/web-vitals-2.1.4.tgz. Extracting by manifest.
195 silly tarball no local data for @testing-library/dom@https://registry.npmjs.org/@testing-library/dom/-/dom-10.3.1.tgz. Extracting by manifest.
196 silly tarball no local data for @testing-library/react@https://registry.npmjs.org/@testing-library/react/-/react-13.4.0.tgz. Extracting by manifest.
197 silly tarball no local data for typescript@https://registry.npmjs.org/typescript/-/typescript-4.9.5.tgz. Extracting by manifest.
198 silly tarball no local data for @testing-library/jest-dom@https://registry.npmjs.org/@testing-library/jest-dom/-/jest-dom-5.17.0.tgz. Extracting by manifest.
199 silly tarball no local data for jest-get-type@https://registry.npmjs.org/jest-get-type/-/jest-get-type-29.6.3.tgz. Extracting by manifest.
200 silly tarball no local data for @testing-library/user-event@https://registry.npmjs.org/@testing-library/user-event/-/user-event-13.5.0.tgz. Extracting by manifest.
201 silly tarball no local data for @sinclair/typebox@https://registry.npmjs.org/@sinclair/typebox/-/typebox-0.27.8.tgz. Extracting by manifest.
202 silly tarball no local data for diff-sequences@https://registry.npmjs.org/diff-sequences/-/diff-sequences-29.6.3.tgz. Extracting by manifest.
203 silly tarball no local data for @jest/types@https://registry.npmjs.org/@jest/types/-/types-29.6.3.tgz. Extracting by manifest.
204 silly tarball no local data for @jest/schemas@https://registry.npmjs.org/@jest/schemas/-/schemas-29.6.3.tgz. Extracting by manifest.
205 silly tarball no local data for jest-diff@https://registry.npmjs.org/jest-diff/-/jest-diff-29.7.0.tgz. Extracting by manifest.
206 silly tarball no local data for jest-util@https://registry.npmjs.org/jest-util/-/jest-util-29.7.0.tgz. Extracting by manifest.
207 silly tarball no local data for jest-matcher-utils@https://registry.npmjs.org/jest-matcher-utils/-/jest-matcher-utils-29.7.0.tgz. Extracting by manifest.
208 silly tarball no local data for jest-get-type@https://registry.npmjs.org/jest-get-type/-/jest-get-type-29.6.3.tgz. Extracting by manifest.
209 silly tarball no local data for jest-message-util@https://registry.npmjs.org/jest-message-util/-/jest-message-util-29.7.0.tgz. Extracting by manifest.
210 silly tarball no local data for pretty-format@https://registry.npmjs.org/pretty-format/-/pretty-format-29.7.0.tgz. Extracting by manifest.
211 silly tarball no local data for expect@https://registry.npmjs.org/expect/-/expect-29.7.0.tgz. Extracting by manifest.
212 silly tarball no local data for aria-query@https://registry.npmjs.org/aria-query/-/aria-query-5.3.0.tgz. Extracting by manifest.
213 silly tarball no local data for @testing-library/dom@https://registry.npmjs.org/@testing-library/dom/-/dom-8.20.1.tgz. Extracting by manifest.
214 silly tarball no local data for chalk@https://registry.npmjs.org/chalk/-/chalk-3.0.0.tgz. Extracting by manifest.
215 http fetch GET 200 https://registry.npmjs.org/min-indent/-/min-indent-1.0.1.tgz 224ms (cache miss)
216 http fetch GET 200 https://registry.npmjs.org/strip-indent/-/strip-indent-3.0.0.tgz 223ms (cache miss)
217 http fetch GET 200 https://registry.npmjs.org/indent-string/-/indent-string-4.0.0.tgz 250ms (cache miss)
218 http fetch GET 200 https://registry.npmjs.org/@types/jest/-/jest-29.5.12.tgz 290ms (cache miss)
219 http fetch GET 200 https://registry.npmjs.org/jest-get-type/-/jest-get-type-29.6.3.tgz 298ms (cache miss)
220 http fetch GET 200 https://registry.npmjs.org/css.escape/-/css.escape-1.5.1.tgz 315ms (cache miss)
221 http fetch GET 200 https://registry.npmjs.org/@types/prop-types/-/prop-types-15.7.12.tgz 318ms (cache miss)
222 http fetch GET 200 https://registry.npmjs.org/dequal/-/dequal-2.0.3.tgz 338ms (cache miss)
223 http fetch GET 200 https://registry.npmjs.org/@types/testing-library__jest-dom/-/testing-library__jest-dom-5.14.9.tgz 382ms (cache miss)
224 http fetch GET 200 https://registry.npmjs.org/redent/-/redent-3.0.0.tgz 385ms (cache miss)
225 http fetch GET 200 https://registry.npmjs.org/@jest/schemas/-/schemas-29.6.3.tgz 407ms (cache miss)
226 http fetch GET 200 https://registry.npmjs.org/@types/react-dom/-/react-dom-18.3.0.tgz 428ms (cache miss)
227 http fetch GET 200 https://registry.npmjs.org/jest-get-type/-/jest-get-type-29.6.3.tgz 430ms (cache miss)
228 http fetch GET 200 https://registry.npmjs.org/diff-sequences/-/diff-sequences-29.6.3.tgz 443ms (cache miss)
229 http fetch GET 200 https://registry.npmjs.org/jest-matcher-utils/-/jest-matcher-utils-29.7.0.tgz 464ms (cache miss)
230 http fetch GET 200 https://registry.npmjs.org/jest-message-util/-/jest-message-util-29.7.0.tgz 464ms (cache miss)
231 http fetch GET 200 https://registry.npmjs.org/chalk/-/chalk-3.0.0.tgz 490ms (cache miss)
232 http fetch GET 200 https://registry.npmjs.org/lz-string/-/lz-string-1.5.0.tgz 526ms (cache miss)
233 http fetch GET 200 https://registry.npmjs.org/csstype/-/csstype-3.1.3.tgz 551ms (cache miss)
234 http fetch GET 200 https://registry.npmjs.org/@jest/types/-/types-29.6.3.tgz 542ms (cache miss)
235 http fetch GET 200 https://registry.npmjs.org/pretty-format/-/pretty-format-29.7.0.tgz 588ms (cache miss)
236 http fetch GET 200 https://registry.npmjs.org/jest-diff/-/jest-diff-29.7.0.tgz 626ms (cache miss)
237 http fetch GET 200 https://registry.npmjs.org/expect/-/expect-29.7.0.tgz 635ms (cache miss)
238 http fetch GET 200 https://registry.npmjs.org/@types/react/-/react-18.3.3.tgz 678ms (cache miss)
239 http fetch GET 200 https://registry.npmjs.org/@testing-library/jest-dom/-/jest-dom-5.17.0.tgz 712ms (cache miss)
240 http fetch GET 200 https://registry.npmjs.org/jest-util/-/jest-util-29.7.0.tgz 724ms (cache miss)
241 http fetch GET 200 https://registry.npmjs.org/@adobe/css-tools/-/css-tools-4.4.0.tgz 760ms (cache miss)
242 http fetch GET 200 https://registry.npmjs.org/@jest/expect-utils/-/expect-utils-29.7.0.tgz 804ms (cache miss)
243 http fetch GET 200 https://registry.npmjs.org/@sinclair/typebox/-/typebox-0.27.8.tgz 836ms (cache miss)
244 http fetch GET 200 https://registry.npmjs.org/dom-accessibility-api/-/dom-accessibility-api-0.5.16.tgz 857ms (cache miss)
245 http fetch GET 200 https://registry.npmjs.org/web-vitals/-/web-vitals-2.1.4.tgz 884ms (cache miss)
246 http fetch GET 200 https://registry.npmjs.org/@testing-library/react/-/react-13.4.0.tgz 954ms (cache miss)
247 http fetch GET 200 https://registry.npmjs.org/@types/aria-query/-/aria-query-5.0.4.tgz 1016ms (cache miss)
248 http fetch GET 200 https://registry.npmjs.org/@testing-library/dom/-/dom-8.20.1.tgz 1051ms (cache miss)
249 http fetch GET 200 https://registry.npmjs.org/@testing-library/user-event/-/user-event-13.5.0.tgz 1070ms (cache miss)
250 http fetch GET 200 https://registry.npmjs.org/@testing-library/dom/-/dom-10.3.1.tgz 1202ms (cache miss)
251 http fetch GET 200 https://registry.npmjs.org/aria-query/-/aria-query-5.3.0.tgz 1205ms (cache miss)
252 http fetch GET 200 https://registry.npmjs.org/typescript/-/typescript-4.9.5.tgz 1948ms (cache miss)
253 silly ADD node_modules/@jest/expect-utils
254 silly ADD node_modules/@jest/expect-utils/node_modules/jest-get-type
255 silly ADD node_modules/dequal
256 silly ADD node_modules/min-indent
257 silly ADD node_modules/strip-indent
258 silly ADD node_modules/indent-string
259 silly ADD node_modules/@types/jest
260 silly ADD node_modules/@types/jest/node_modules/has-flag
261 silly ADD node_modules/@types/jest/node_modules/react-is
262 silly ADD node_modules/@types/jest/node_modules/@sinclair/typebox
263 silly ADD node_modules/@types/jest/node_modules/@types/yargs
264 silly ADD node_modules/@types/jest/node_modules/@jest/schemas
265 silly ADD node_modules/@types/jest/node_modules/@jest/types
266 silly ADD node_modules/@types/jest/node_modules/diff-sequences
267 silly ADD node_modules/@types/jest/node_modules/color-name
268 silly ADD node_modules/@types/jest/node_modules/color-convert
269 silly ADD node_modules/@types/jest/node_modules/supports-color
270 silly ADD node_modules/@types/jest/node_modules/ansi-styles
271 silly ADD node_modules/@types/jest/node_modules/jest-diff
272 silly ADD node_modules/@types/jest/node_modules/chalk
273 silly ADD node_modules/@types/jest/node_modules/jest-util
274 silly ADD node_modules/@types/jest/node_modules/jest-message-util
275 silly ADD node_modules/@types/jest/node_modules/jest-matcher-utils
276 silly ADD node_modules/@types/jest/node_modules/jest-get-type
277 silly ADD node_modules/@types/jest/node_modules/pretty-format
278 silly ADD node_modules/@types/jest/node_modules/pretty-format/node_modules/ansi-styles
279 silly ADD node_modules/@types/jest/node_modules/expect
280 silly ADD node_modules/csstype
281 silly ADD node_modules/@types/prop-types
282 silly ADD node_modules/@types/react
283 silly ADD node_modules/@types/react-dom
284 silly ADD node_modules/redent
285 silly ADD node_modules/css.escape
286 silly ADD node_modules/@types/testing-library__jest-dom
287 silly ADD node_modules/@adobe/css-tools
288 silly ADD node_modules/lz-string
289 silly ADD node_modules/dom-accessibility-api
290 silly ADD node_modules/@types/aria-query
291 silly ADD node_modules/web-vitals
292 silly ADD node_modules/@testing-library/dom
293 silly ADD node_modules/@testing-library/dom/node_modules/has-flag
294 silly ADD node_modules/@testing-library/dom/node_modules/color-name
295 silly ADD node_modules/@testing-library/dom/node_modules/color-convert
296 silly ADD node_modules/@testing-library/dom/node_modules/supports-color
297 silly ADD node_modules/@testing-library/dom/node_modules/ansi-styles
298 silly ADD node_modules/@testing-library/dom/node_modules/chalk
299 silly ADD node_modules/@testing-library/dom/node_modules/aria-query
300 silly ADD node_modules/@testing-library/user-event
301 silly ADD node_modules/@testing-library/react
302 silly ADD node_modules/@testing-library/react/node_modules/has-flag
303 silly ADD node_modules/@testing-library/react/node_modules/color-name
304 silly ADD node_modules/@testing-library/react/node_modules/color-convert
305 silly ADD node_modules/@testing-library/react/node_modules/supports-color
306 silly ADD node_modules/@testing-library/react/node_modules/ansi-styles
307 silly ADD node_modules/@testing-library/react/node_modules/chalk
308 silly ADD node_modules/@testing-library/react/node_modules/@testing-library/dom
309 silly ADD node_modules/@testing-library/jest-dom
310 silly ADD node_modules/@testing-library/jest-dom/node_modules/has-flag
311 silly ADD node_modules/@testing-library/jest-dom/node_modules/color-name
312 silly ADD node_modules/@testing-library/jest-dom/node_modules/color-convert
313 silly ADD node_modules/@testing-library/jest-dom/node_modules/supports-color
314 silly ADD node_modules/@testing-library/jest-dom/node_modules/ansi-styles
315 silly ADD node_modules/@testing-library/jest-dom/node_modules/chalk
316 silly ADD
317 silly CHANGE node_modules/typescript
318 verbose exit 0
319 info ok
