0 verbose cli D:\Program Files\nodejs\node.exe D:\Program Files\nodejs\node_modules\npm\bin\npm-cli.js
1 info using npm@10.7.0
2 info using node@v20.15.1
3 silly config:load:file:D:\Program Files\nodejs\node_modules\npm\npmrc
4 silly config:load:file:C:\Users\areey\AppData\Local\Microsoft\TypeScript\5.5\.npmrc
5 silly config:load:file:C:\Users\areey\.npmrc
6 silly config:load:file:C:\Users\areey\AppData\Roaming\npm\etc\npmrc
7 verbose title npm install @types/react@ts5.5 @types/react-dom@ts5.5
8 verbose argv "install" "--ignore-scripts" "@types/react@ts5.5" "@types/react-dom@ts5.5" "--save-dev" "--user-agent" "typesInstaller/5.5.2"
9 verbose logfile logs-max:10 dir:D:\react_test\npm-cache\_logs\2024-07-09T04_44_56_651Z-
10 verbose logfile D:\react_test\npm-cache\_logs\2024-07-09T04_44_56_651Z-debug-0.log
11 silly logfile done cleaning log files
12 http fetch GET 200 https://registry.npmjs.org/@types%2freact-dom 284ms (cache miss)
13 http fetch GET 200 https://registry.npmjs.org/@types%2freact 329ms (cache miss)
14 silly idealTree buildDeps
15 silly fetch manifest @types/react-dom@18.3.0
16 silly fetch manifest @types/react@18.3.3
17 silly placeDep ROOT @types/react@18.3.3 OK for:  want: 18.3.3
18 silly placeDep ROOT @types/react-dom@18.3.0 OK for:  want: 18.3.0
19 silly fetch manifest csstype@^3.0.2
20 silly fetch manifest @types/prop-types@*
21 http fetch GET 200 https://registry.npmjs.org/@types%2fprop-types 10ms (cache hit)
22 http fetch GET 200 https://registry.npmjs.org/csstype 13ms (cache hit)
23 silly placeDep ROOT @types/prop-types@15.7.12 OK for: @types/react@18.3.3 want: *
24 silly placeDep ROOT csstype@3.1.3 OK for: @types/react@18.3.3 want: ^3.0.2
25 silly reify moves {}
26 silly audit bulk request {
26 silly audit   'types-registry': [ '0.1.685' ],
26 silly audit   '@types/react': [ '18.3.3' ],
26 silly audit   '@types/react-dom': [ '18.3.0' ],
26 silly audit   '@types/prop-types': [ '15.7.12' ],
26 silly audit   csstype: [ '3.1.3' ]
26 silly audit }
27 http fetch POST 200 https://registry.npmjs.org/-/npm/v1/security/advisories/bulk 253ms
28 silly audit report {}
29 silly ADD node_modules/csstype
30 silly ADD node_modules/@types/prop-types
31 silly ADD node_modules/@types/react-dom
32 silly ADD node_modules/@types/react
33 verbose exit 0
34 info ok
